<?xml version="1.0" encoding="windows-1255" standalone="no"?>
<!DOCTYPE log SYSTEM "logger.dtd">
<log>
<record>
  <date>2022-12-21T14:50:02</date>
  <millis>1671627002402</millis>
  <sequence>32</sequence>
  <logger>com.gil.whatsnew.utils.LoggingHandler</logger>
  <level>SEVERE</level>
  <class>com.gil.whatsnew.utils.LoggingHandler</class>
  <method>serverLogHandler</method>
  <thread>21</thread>
  <message>Domains failed, check domains correctly or file path</message>
</record>
</log>
<?xml version="1.0" encoding="windows-1255" standalone="no"?>
<!DOCTYPE log SYSTEM "logger.dtd">
<log>
<record>
  <date>2022-12-21T14:51:04</date>
  <millis>1671627064782</millis>
  <sequence>32</sequence>
  <logger>com.gil.whatsnew.utils.LoggingHandler</logger>
  <level>SEVERE</level>
  <class>com.gil.whatsnew.utils.LoggingHandler</class>
  <method>serverLogHandler</method>
  <thread>21</thread>
  <message>Domains failed, check domains correctly or file path</message>
</record>
</log>
<?xml version="1.0" encoding="windows-1255" standalone="no"?>
<!DOCTYPE log SYSTEM "logger.dtd">
<log>
<record>
  <date>2022-12-21T15:37:29</date>
  <millis>1671629849076</millis>
  <sequence>31</sequence>
  <logger>com.gil.whatsnew.utils.LoggingHandler</logger>
  <level>SEVERE</level>
  <class>com.gil.whatsnew.utils.LoggingHandler</class>
  <method>serverLogHandler</method>
  <thread>21</thread>
  <message>Get api response failed, check your api key again</message>
</record>
</log>
<?xml version="1.0" encoding="windows-1255" standalone="no"?>
<!DOCTYPE log SYSTEM "logger.dtd">
<log>
<record>
  <date>2022-12-21T15:48:22</date>
  <millis>1671630502653</millis>
  <sequence>31</sequence>
  <logger>com.gil.whatsnew.utils.LoggingHandler</logger>
  <level>SEVERE</level>
  <class>com.gil.whatsnew.utils.LoggingHandler</class>
  <method>serverLogHandler</method>
  <thread>21</thread>
  <message>Get api response failed, check your api key again</message>
</record>
</log>
<?xml version="1.0" encoding="windows-1255" standalone="no"?>
<!DOCTYPE log SYSTEM "logger.dtd">
<log>
<record>
  <date>2022-12-22T11:53:26</date>
  <millis>1671702806235</millis>
  <sequence>31</sequence>
  <logger>com.gil.whatsnew.utils.LoggingHandler</logger>
  <level>SEVERE</level>
  <class>com.gil.whatsnew.utils.LoggingHandler</class>
  <method>serverLogHandler</method>
  <thread>21</thread>
  <message>Due to limitations of the com.mongodb.BasicDocument, you can't add a second 'newsType' criteria. Query already contains '{ "newsType" : "theblaze.com"}'</message>
</record>
</log>
<?xml version="1.0" encoding="windows-1255" standalone="no"?>
<!DOCTYPE log SYSTEM "logger.dtd">
<log>
<record>
  <date>2022-12-22T11:53:26</date>
  <millis>1671702806241</millis>
  <sequence>33</sequence>
  <logger>com.gil.whatsnew.utils.LoggingHandler</logger>
  <level>SEVERE</level>
  <class>com.gil.whatsnew.utils.LoggingHandler</class>
  <method>serverLogHandler</method>
  <thread>21</thread>
  <message>Check your details again.</message>
</record>
</log>
<?xml version="1.0" encoding="windows-1255" standalone="no"?>
<!DOCTYPE log SYSTEM "logger.dtd">
<log>
<record>
  <date>2022-12-22T14:34:47</date>
  <millis>1671712487311</millis>
  <sequence>31</sequence>
  <logger>com.gil.whatsnew.utils.LoggingHandler</logger>
  <level>SEVERE</level>
  <class>com.gil.whatsnew.utils.LoggingHandler</class>
  <method>serverLogHandler</method>
  <thread>21</thread>
  <message>Due to limitations of the com.mongodb.BasicDocument, you can't add a second 'newsType' criteria. Query already contains '{ "newsType" : "theblaze.com"}'</message>
</record>
</log>
<?xml version="1.0" encoding="windows-1255" standalone="no"?>
<!DOCTYPE log SYSTEM "logger.dtd">
<log>
<record>
  <date>2022-12-22T14:34:47</date>
  <millis>1671712487317</millis>
  <sequence>33</sequence>
  <logger>com.gil.whatsnew.utils.LoggingHandler</logger>
  <level>SEVERE</level>
  <class>com.gil.whatsnew.utils.LoggingHandler</class>
  <method>serverLogHandler</method>
  <thread>21</thread>
  <message>Check your details again.</message>
</record>
</log>
<?xml version="1.0" encoding="windows-1255" standalone="no"?>
<!DOCTYPE log SYSTEM "logger.dtd">
<log>
<record>
  <date>2022-12-22T15:04:22</date>
  <millis>1671714262639</millis>
  <sequence>34</sequence>
  <logger>com.gil.whatsnew.utils.LoggingHandler</logger>
  <level>SEVERE</level>
  <class>com.gil.whatsnew.utils.LoggingHandler</class>
  <method>serverLogHandler</method>
  <thread>21</thread>
  <message>Initialize articles failed</message>
</record>
</log>
<?xml version="1.0" encoding="windows-1255" standalone="no"?>
<!DOCTYPE log SYSTEM "logger.dtd">
<log>
<record>
  <date>2022-12-22T15:05:06</date>
  <millis>1671714306481</millis>
  <sequence>34</sequence>
  <logger>com.gil.whatsnew.utils.LoggingHandler</logger>
  <level>SEVERE</level>
  <class>com.gil.whatsnew.utils.LoggingHandler</class>
  <method>serverLogHandler</method>
  <thread>21</thread>
  <message>Initialize articles failed</message>
</record>
</log>
<?xml version="1.0" encoding="windows-1255" standalone="no"?>
<!DOCTYPE log SYSTEM "logger.dtd">
<log>
<record>
  <date>2022-12-26T12:48:32</date>
  <millis>1672051712952</millis>
  <sequence>32</sequence>
  <logger>com.gil.whatsnew.utils.LoggingHandler</logger>
  <level>SEVERE</level>
  <class>com.gil.whatsnew.utils.LoggingHandler</class>
  <method>serverLogHandler</method>
  <thread>21</thread>
  <message>Domains failed, check domains correctly or file path</message>
</record>
</log>
<?xml version="1.0" encoding="windows-1255" standalone="no"?>
<!DOCTYPE log SYSTEM "logger.dtd">
<log>
<record>
  <date>2022-12-26T12:48:34</date>
  <millis>1672051714003</millis>
  <sequence>35</sequence>
  <logger>com.gil.whatsnew.utils.LoggingHandler</logger>
  <level>SEVERE</level>
  <class>com.gil.whatsnew.utils.LoggingHandler</class>
  <method>serverLogHandler</method>
  <thread>21</thread>
  <message>Domains failed, check domains correctly or file path</message>
</record>
</log>
<?xml version="1.0" encoding="windows-1255" standalone="no"?>
<!DOCTYPE log SYSTEM "logger.dtd">
<log>
<record>
  <date>2022-12-26T12:48:35</date>
  <millis>1672051715020</millis>
  <sequence>38</sequence>
  <logger>com.gil.whatsnew.utils.LoggingHandler</logger>
  <level>SEVERE</level>
  <class>com.gil.whatsnew.utils.LoggingHandler</class>
  <method>serverLogHandler</method>
  <thread>21</thread>
  <message>Domains failed, check domains correctly or file path</message>
</record>
</log>
<?xml version="1.0" encoding="windows-1255" standalone="no"?>
<!DOCTYPE log SYSTEM "logger.dtd">
<log>
<record>
  <date>2022-12-26T12:48:36</date>
  <millis>1672051716031</millis>
  <sequence>41</sequence>
  <logger>com.gil.whatsnew.utils.LoggingHandler</logger>
  <level>SEVERE</level>
  <class>com.gil.whatsnew.utils.LoggingHandler</class>
  <method>serverLogHandler</method>
  <thread>21</thread>
  <message>Domains failed, check domains correctly or file path</message>
</record>
</log>
<?xml version="1.0" encoding="windows-1255" standalone="no"?>
<!DOCTYPE log SYSTEM "logger.dtd">
<log>
<record>
  <date>2022-12-26T12:48:37</date>
  <millis>1672051717046</millis>
  <sequence>44</sequence>
  <logger>com.gil.whatsnew.utils.LoggingHandler</logger>
  <level>SEVERE</level>
  <class>com.gil.whatsnew.utils.LoggingHandler</class>
  <method>serverLogHandler</method>
  <thread>21</thread>
  <message>Domains failed, check domains correctly or file path</message>
</record>
</log>
<?xml version="1.0" encoding="windows-1255" standalone="no"?>
<!DOCTYPE log SYSTEM "logger.dtd">
<log>
<record>
  <date>2022-12-26T12:48:38</date>
  <millis>1672051718070</millis>
  <sequence>47</sequence>
  <logger>com.gil.whatsnew.utils.LoggingHandler</logger>
  <level>SEVERE</level>
  <class>com.gil.whatsnew.utils.LoggingHandler</class>
  <method>serverLogHandler</method>
  <thread>21</thread>
  <message>Domains failed, check domains correctly or file path</message>
</record>
</log>
<?xml version="1.0" encoding="windows-1255" standalone="no"?>
<!DOCTYPE log SYSTEM "logger.dtd">
<log>
<record>
  <date>2022-12-26T12:48:39</date>
  <millis>1672051719091</millis>
  <sequence>50</sequence>
  <logger>com.gil.whatsnew.utils.LoggingHandler</logger>
  <level>SEVERE</level>
  <class>com.gil.whatsnew.utils.LoggingHandler</class>
  <method>serverLogHandler</method>
  <thread>21</thread>
  <message>Domains failed, check domains correctly or file path</message>
</record>
</log>
<?xml version="1.0" encoding="windows-1255" standalone="no"?>
<!DOCTYPE log SYSTEM "logger.dtd">
<log>
<record>
  <date>2022-12-26T12:48:40</date>
  <millis>1672051720128</millis>
  <sequence>53</sequence>
  <logger>com.gil.whatsnew.utils.LoggingHandler</logger>
  <level>SEVERE</level>
  <class>com.gil.whatsnew.utils.LoggingHandler</class>
  <method>serverLogHandler</method>
  <thread>21</thread>
  <message>Domains failed, check domains correctly or file path</message>
</record>
</log>
<?xml version="1.0" encoding="windows-1255" standalone="no"?>
<!DOCTYPE log SYSTEM "logger.dtd">
<log>
<record>
  <date>2022-12-26T12:48:41</date>
  <millis>1672051721146</millis>
  <sequence>56</sequence>
  <logger>com.gil.whatsnew.utils.LoggingHandler</logger>
  <level>SEVERE</level>
  <class>com.gil.whatsnew.utils.LoggingHandler</class>
  <method>serverLogHandler</method>
  <thread>21</thread>
  <message>Domains failed, check domains correctly or file path</message>
</record>
</log>
<?xml version="1.0" encoding="windows-1255" standalone="no"?>
<!DOCTYPE log SYSTEM "logger.dtd">
<log>
<record>
  <date>2022-12-26T12:48:42</date>
  <millis>1672051722163</millis>
  <sequence>59</sequence>
  <logger>com.gil.whatsnew.utils.LoggingHandler</logger>
  <level>SEVERE</level>
  <class>com.gil.whatsnew.utils.LoggingHandler</class>
  <method>serverLogHandler</method>
  <thread>21</thread>
  <message>Domains failed, check domains correctly or file path</message>
</record>
</log>
<?xml version="1.0" encoding="windows-1255" standalone="no"?>
<!DOCTYPE log SYSTEM "logger.dtd">
<log>
<record>
  <date>2022-12-26T12:48:43</date>
  <millis>1672051723176</millis>
  <sequence>62</sequence>
  <logger>com.gil.whatsnew.utils.LoggingHandler</logger>
  <level>SEVERE</level>
  <class>com.gil.whatsnew.utils.LoggingHandler</class>
  <method>serverLogHandler</method>
  <thread>21</thread>
  <message>Domains failed, check domains correctly or file path</message>
</record>
</log>
<?xml version="1.0" encoding="windows-1255" standalone="no"?>
<!DOCTYPE log SYSTEM "logger.dtd">
<log>
<record>
  <date>2022-12-26T12:48:44</date>
  <millis>1672051724193</millis>
  <sequence>65</sequence>
  <logger>com.gil.whatsnew.utils.LoggingHandler</logger>
  <level>SEVERE</level>
  <class>com.gil.whatsnew.utils.LoggingHandler</class>
  <method>serverLogHandler</method>
  <thread>21</thread>
  <message>Domains failed, check domains correctly or file path</message>
</record>
</log>
<?xml version="1.0" encoding="windows-1255" standalone="no"?>
<!DOCTYPE log SYSTEM "logger.dtd">
<log>
<record>
  <date>2022-12-26T12:48:45</date>
  <millis>1672051725211</millis>
  <sequence>68</sequence>
  <logger>com.gil.whatsnew.utils.LoggingHandler</logger>
  <level>SEVERE</level>
  <class>com.gil.whatsnew.utils.LoggingHandler</class>
  <method>serverLogHandler</method>
  <thread>21</thread>
  <message>Domains failed, check domains correctly or file path</message>
</record>
</log>
<?xml version="1.0" encoding="windows-1255" standalone="no"?>
<!DOCTYPE log SYSTEM "logger.dtd">
<log>
<record>
  <date>2022-12-26T12:48:46</date>
  <millis>1672051726237</millis>
  <sequence>71</sequence>
  <logger>com.gil.whatsnew.utils.LoggingHandler</logger>
  <level>SEVERE</level>
  <class>com.gil.whatsnew.utils.LoggingHandler</class>
  <method>serverLogHandler</method>
  <thread>21</thread>
  <message>Domains failed, check domains correctly or file path</message>
</record>
</log>
<?xml version="1.0" encoding="windows-1255" standalone="no"?>
<!DOCTYPE log SYSTEM "logger.dtd">
<log>
<record>
  <date>2022-12-26T12:48:47</date>
  <millis>1672051727254</millis>
  <sequence>74</sequence>
  <logger>com.gil.whatsnew.utils.LoggingHandler</logger>
  <level>SEVERE</level>
  <class>com.gil.whatsnew.utils.LoggingHandler</class>
  <method>serverLogHandler</method>
  <thread>21</thread>
  <message>Domains failed, check domains correctly or file path</message>
</record>
</log>
<?xml version="1.0" encoding="windows-1255" standalone="no"?>
<!DOCTYPE log SYSTEM "logger.dtd">
<log>
<record>
  <date>2022-12-26T12:48:48</date>
  <millis>1672051728278</millis>
  <sequence>77</sequence>
  <logger>com.gil.whatsnew.utils.LoggingHandler</logger>
  <level>SEVERE</level>
  <class>com.gil.whatsnew.utils.LoggingHandler</class>
  <method>serverLogHandler</method>
  <thread>21</thread>
  <message>Domains failed, check domains correctly or file path</message>
</record>
</log>
<?xml version="1.0" encoding="windows-1255" standalone="no"?>
<!DOCTYPE log SYSTEM "logger.dtd">
<log>
<record>
  <date>2022-12-26T12:48:49</date>
  <millis>1672051729310</millis>
  <sequence>80</sequence>
  <logger>com.gil.whatsnew.utils.LoggingHandler</logger>
  <level>SEVERE</level>
  <class>com.gil.whatsnew.utils.LoggingHandler</class>
  <method>serverLogHandler</method>
  <thread>21</thread>
  <message>Domains failed, check domains correctly or file path</message>
</record>
</log>
<?xml version="1.0" encoding="windows-1255" standalone="no"?>
<!DOCTYPE log SYSTEM "logger.dtd">
<log>
<record>
  <date>2022-12-26T12:48:50</date>
  <millis>1672051730333</millis>
  <sequence>83</sequence>
  <logger>com.gil.whatsnew.utils.LoggingHandler</logger>
  <level>SEVERE</level>
  <class>com.gil.whatsnew.utils.LoggingHandler</class>
  <method>serverLogHandler</method>
  <thread>21</thread>
  <message>Domains failed, check domains correctly or file path</message>
</record>
</log>
<?xml version="1.0" encoding="windows-1255" standalone="no"?>
<!DOCTYPE log SYSTEM "logger.dtd">
<log>
<record>
  <date>2022-12-26T12:48:51</date>
  <millis>1672051731357</millis>
  <sequence>86</sequence>
  <logger>com.gil.whatsnew.utils.LoggingHandler</logger>
  <level>SEVERE</level>
  <class>com.gil.whatsnew.utils.LoggingHandler</class>
  <method>serverLogHandler</method>
  <thread>21</thread>
  <message>Domains failed, check domains correctly or file path</message>
</record>
</log>
<?xml version="1.0" encoding="windows-1255" standalone="no"?>
<!DOCTYPE log SYSTEM "logger.dtd">
<log>
<record>
  <date>2022-12-26T12:48:52</date>
  <millis>1672051732377</millis>
  <sequence>89</sequence>
  <logger>com.gil.whatsnew.utils.LoggingHandler</logger>
  <level>SEVERE</level>
  <class>com.gil.whatsnew.utils.LoggingHandler</class>
  <method>serverLogHandler</method>
  <thread>21</thread>
  <message>Domains failed, check domains correctly or file path</message>
</record>
</log>
<?xml version="1.0" encoding="windows-1255" standalone="no"?>
<!DOCTYPE log SYSTEM "logger.dtd">
<log>
<record>
  <date>2022-12-26T12:48:53</date>
  <millis>1672051733393</millis>
  <sequence>92</sequence>
  <logger>com.gil.whatsnew.utils.LoggingHandler</logger>
  <level>SEVERE</level>
  <class>com.gil.whatsnew.utils.LoggingHandler</class>
  <method>serverLogHandler</method>
  <thread>21</thread>
  <message>Domains failed, check domains correctly or file path</message>
</record>
</log>
<?xml version="1.0" encoding="windows-1255" standalone="no"?>
<!DOCTYPE log SYSTEM "logger.dtd">
<log>
<record>
  <date>2022-12-26T12:48:54</date>
  <millis>1672051734414</millis>
  <sequence>95</sequence>
  <logger>com.gil.whatsnew.utils.LoggingHandler</logger>
  <level>SEVERE</level>
  <class>com.gil.whatsnew.utils.LoggingHandler</class>
  <method>serverLogHandler</method>
  <thread>21</thread>
  <message>Domains failed, check domains correctly or file path</message>
</record>
</log>
<?xml version="1.0" encoding="windows-1255" standalone="no"?>
<!DOCTYPE log SYSTEM "logger.dtd">
<log>
<record>
  <date>2022-12-26T12:48:55</date>
  <millis>1672051735430</millis>
  <sequence>98</sequence>
  <logger>com.gil.whatsnew.utils.LoggingHandler</logger>
  <level>SEVERE</level>
  <class>com.gil.whatsnew.utils.LoggingHandler</class>
  <method>serverLogHandler</method>
  <thread>21</thread>
  <message>Domains failed, check domains correctly or file path</message>
</record>
</log>
<?xml version="1.0" encoding="windows-1255" standalone="no"?>
<!DOCTYPE log SYSTEM "logger.dtd">
<log>
<record>
  <date>2022-12-26T12:48:56</date>
  <millis>1672051736455</millis>
  <sequence>101</sequence>
  <logger>com.gil.whatsnew.utils.LoggingHandler</logger>
  <level>SEVERE</level>
  <class>com.gil.whatsnew.utils.LoggingHandler</class>
  <method>serverLogHandler</method>
  <thread>21</thread>
  <message>Domains failed, check domains correctly or file path</message>
</record>
</log>
<?xml version="1.0" encoding="windows-1255" standalone="no"?>
<!DOCTYPE log SYSTEM "logger.dtd">
<log>
<record>
  <date>2022-12-26T12:48:57</date>
  <millis>1672051737474</millis>
  <sequence>104</sequence>
  <logger>com.gil.whatsnew.utils.LoggingHandler</logger>
  <level>SEVERE</level>
  <class>com.gil.whatsnew.utils.LoggingHandler</class>
  <method>serverLogHandler</method>
  <thread>21</thread>
  <message>Domains failed, check domains correctly or file path</message>
</record>
</log>
<?xml version="1.0" encoding="windows-1255" standalone="no"?>
<!DOCTYPE log SYSTEM "logger.dtd">
<log>
<record>
  <date>2022-12-26T12:48:58</date>
  <millis>1672051738489</millis>
  <sequence>107</sequence>
  <logger>com.gil.whatsnew.utils.LoggingHandler</logger>
  <level>SEVERE</level>
  <class>com.gil.whatsnew.utils.LoggingHandler</class>
  <method>serverLogHandler</method>
  <thread>21</thread>
  <message>Domains failed, check domains correctly or file path</message>
</record>
</log>
<?xml version="1.0" encoding="windows-1255" standalone="no"?>
<!DOCTYPE log SYSTEM "logger.dtd">
<log>
<record>
  <date>2022-12-26T12:48:59</date>
  <millis>1672051739499</millis>
  <sequence>110</sequence>
  <logger>com.gil.whatsnew.utils.LoggingHandler</logger>
  <level>SEVERE</level>
  <class>com.gil.whatsnew.utils.LoggingHandler</class>
  <method>serverLogHandler</method>
  <thread>21</thread>
  <message>Domains failed, check domains correctly or file path</message>
</record>
</log>
<?xml version="1.0" encoding="windows-1255" standalone="no"?>
<!DOCTYPE log SYSTEM "logger.dtd">
<log>
<record>
  <date>2022-12-26T12:49:00</date>
  <millis>1672051740512</millis>
  <sequence>113</sequence>
  <logger>com.gil.whatsnew.utils.LoggingHandler</logger>
  <level>SEVERE</level>
  <class>com.gil.whatsnew.utils.LoggingHandler</class>
  <method>serverLogHandler</method>
  <thread>21</thread>
  <message>Domains failed, check domains correctly or file path</message>
</record>
</log>
<?xml version="1.0" encoding="windows-1255" standalone="no"?>
<!DOCTYPE log SYSTEM "logger.dtd">
<log>
<record>
  <date>2022-12-26T12:49:01</date>
  <millis>1672051741530</millis>
  <sequence>116</sequence>
  <logger>com.gil.whatsnew.utils.LoggingHandler</logger>
  <level>SEVERE</level>
  <class>com.gil.whatsnew.utils.LoggingHandler</class>
  <method>serverLogHandler</method>
  <thread>21</thread>
  <message>Domains failed, check domains correctly or file path</message>
</record>
</log>
<?xml version="1.0" encoding="windows-1255" standalone="no"?>
<!DOCTYPE log SYSTEM "logger.dtd">
<log>
<record>
  <date>2022-12-26T12:49:02</date>
  <millis>1672051742539</millis>
  <sequence>119</sequence>
  <logger>com.gil.whatsnew.utils.LoggingHandler</logger>
  <level>SEVERE</level>
  <class>com.gil.whatsnew.utils.LoggingHandler</class>
  <method>serverLogHandler</method>
  <thread>21</thread>
  <message>Domains failed, check domains correctly or file path</message>
</record>
</log>
<?xml version="1.0" encoding="windows-1255" standalone="no"?>
<!DOCTYPE log SYSTEM "logger.dtd">
<log>
<record>
  <date>2022-12-26T12:49:03</date>
  <millis>1672051743551</millis>
  <sequence>122</sequence>
  <logger>com.gil.whatsnew.utils.LoggingHandler</logger>
  <level>SEVERE</level>
  <class>com.gil.whatsnew.utils.LoggingHandler</class>
  <method>serverLogHandler</method>
  <thread>21</thread>
  <message>Domains failed, check domains correctly or file path</message>
</record>
</log>
<?xml version="1.0" encoding="windows-1255" standalone="no"?>
<!DOCTYPE log SYSTEM "logger.dtd">
<log>
<record>
  <date>2022-12-26T12:49:04</date>
  <millis>1672051744577</millis>
  <sequence>125</sequence>
  <logger>com.gil.whatsnew.utils.LoggingHandler</logger>
  <level>SEVERE</level>
  <class>com.gil.whatsnew.utils.LoggingHandler</class>
  <method>serverLogHandler</method>
  <thread>21</thread>
  <message>Domains failed, check domains correctly or file path</message>
</record>
</log>
<?xml version="1.0" encoding="windows-1255" standalone="no"?>
<!DOCTYPE log SYSTEM "logger.dtd">
<log>
<record>
  <date>2022-12-26T12:49:05</date>
  <millis>1672051745590</millis>
  <sequence>128</sequence>
  <logger>com.gil.whatsnew.utils.LoggingHandler</logger>
  <level>SEVERE</level>
  <class>com.gil.whatsnew.utils.LoggingHandler</class>
  <method>serverLogHandler</method>
  <thread>21</thread>
  <message>Domains failed, check domains correctly or file path</message>
</record>
</log>
<?xml version="1.0" encoding="windows-1255" standalone="no"?>
<!DOCTYPE log SYSTEM "logger.dtd">
<log>
<record>
  <date>2022-12-26T12:49:06</date>
  <millis>1672051746615</millis>
  <sequence>131</sequence>
  <logger>com.gil.whatsnew.utils.LoggingHandler</logger>
  <level>SEVERE</level>
  <class>com.gil.whatsnew.utils.LoggingHandler</class>
  <method>serverLogHandler</method>
  <thread>21</thread>
  <message>Domains failed, check domains correctly or file path</message>
</record>
</log>
<?xml version="1.0" encoding="windows-1255" standalone="no"?>
<!DOCTYPE log SYSTEM "logger.dtd">
<log>
<record>
  <date>2022-12-26T12:49:07</date>
  <millis>1672051747638</millis>
  <sequence>134</sequence>
  <logger>com.gil.whatsnew.utils.LoggingHandler</logger>
  <level>SEVERE</level>
  <class>com.gil.whatsnew.utils.LoggingHandler</class>
  <method>serverLogHandler</method>
  <thread>21</thread>
  <message>Domains failed, check domains correctly or file path</message>
</record>
</log>
<?xml version="1.0" encoding="windows-1255" standalone="no"?>
<!DOCTYPE log SYSTEM "logger.dtd">
<log>
<record>
  <date>2022-12-26T12:49:08</date>
  <millis>1672051748659</millis>
  <sequence>137</sequence>
  <logger>com.gil.whatsnew.utils.LoggingHandler</logger>
  <level>SEVERE</level>
  <class>com.gil.whatsnew.utils.LoggingHandler</class>
  <method>serverLogHandler</method>
  <thread>21</thread>
  <message>Domains failed, check domains correctly or file path</message>
</record>
</log>
<?xml version="1.0" encoding="windows-1255" standalone="no"?>
<!DOCTYPE log SYSTEM "logger.dtd">
<log>
<record>
  <date>2022-12-26T12:49:09</date>
  <millis>1672051749686</millis>
  <sequence>140</sequence>
  <logger>com.gil.whatsnew.utils.LoggingHandler</logger>
  <level>SEVERE</level>
  <class>com.gil.whatsnew.utils.LoggingHandler</class>
  <method>serverLogHandler</method>
  <thread>21</thread>
  <message>Domains failed, check domains correctly or file path</message>
</record>
</log>
<?xml version="1.0" encoding="windows-1255" standalone="no"?>
<!DOCTYPE log SYSTEM "logger.dtd">
<log>
<record>
  <date>2022-12-26T12:49:10</date>
  <millis>1672051750703</millis>
  <sequence>143</sequence>
  <logger>com.gil.whatsnew.utils.LoggingHandler</logger>
  <level>SEVERE</level>
  <class>com.gil.whatsnew.utils.LoggingHandler</class>
  <method>serverLogHandler</method>
  <thread>21</thread>
  <message>Domains failed, check domains correctly or file path</message>
</record>
</log>
<?xml version="1.0" encoding="windows-1255" standalone="no"?>
<!DOCTYPE log SYSTEM "logger.dtd">
<log>
<record>
  <date>2022-12-26T12:49:11</date>
  <millis>1672051751714</millis>
  <sequence>146</sequence>
  <logger>com.gil.whatsnew.utils.LoggingHandler</logger>
  <level>SEVERE</level>
  <class>com.gil.whatsnew.utils.LoggingHandler</class>
  <method>serverLogHandler</method>
  <thread>21</thread>
  <message>Domains failed, check domains correctly or file path</message>
</record>
</log>
<?xml version="1.0" encoding="windows-1255" standalone="no"?>
<!DOCTYPE log SYSTEM "logger.dtd">
<log>
<record>
  <date>2022-12-26T12:49:12</date>
  <millis>1672051752793</millis>
  <sequence>149</sequence>
  <logger>com.gil.whatsnew.utils.LoggingHandler</logger>
  <level>SEVERE</level>
  <class>com.gil.whatsnew.utils.LoggingHandler</class>
  <method>serverLogHandler</method>
  <thread>21</thread>
  <message>Domains failed, check domains correctly or file path</message>
</record>
</log>
<?xml version="1.0" encoding="windows-1255" standalone="no"?>
<!DOCTYPE log SYSTEM "logger.dtd">
<log>
<record>
  <date>2022-12-26T12:49:13</date>
  <millis>1672051753806</millis>
  <sequence>152</sequence>
  <logger>com.gil.whatsnew.utils.LoggingHandler</logger>
  <level>SEVERE</level>
  <class>com.gil.whatsnew.utils.LoggingHandler</class>
  <method>serverLogHandler</method>
  <thread>21</thread>
  <message>Domains failed, check domains correctly or file path</message>
</record>
</log>
<?xml version="1.0" encoding="windows-1255" standalone="no"?>
<!DOCTYPE log SYSTEM "logger.dtd">
<log>
<record>
  <date>2022-12-26T12:49:14</date>
  <millis>1672051754836</millis>
  <sequence>155</sequence>
  <logger>com.gil.whatsnew.utils.LoggingHandler</logger>
  <level>SEVERE</level>
  <class>com.gil.whatsnew.utils.LoggingHandler</class>
  <method>serverLogHandler</method>
  <thread>21</thread>
  <message>Domains failed, check domains correctly or file path</message>
</record>
</log>
<?xml version="1.0" encoding="windows-1255" standalone="no"?>
<!DOCTYPE log SYSTEM "logger.dtd">
<log>
<record>
  <date>2022-12-26T12:49:15</date>
  <millis>1672051755869</millis>
  <sequence>158</sequence>
  <logger>com.gil.whatsnew.utils.LoggingHandler</logger>
  <level>SEVERE</level>
  <class>com.gil.whatsnew.utils.LoggingHandler</class>
  <method>serverLogHandler</method>
  <thread>21</thread>
  <message>Domains failed, check domains correctly or file path</message>
</record>
</log>
<?xml version="1.0" encoding="windows-1255" standalone="no"?>
<!DOCTYPE log SYSTEM "logger.dtd">
<log>
<record>
  <date>2022-12-26T12:49:16</date>
  <millis>1672051756890</millis>
  <sequence>161</sequence>
  <logger>com.gil.whatsnew.utils.LoggingHandler</logger>
  <level>SEVERE</level>
  <class>com.gil.whatsnew.utils.LoggingHandler</class>
  <method>serverLogHandler</method>
  <thread>21</thread>
  <message>Domains failed, check domains correctly or file path</message>
</record>
</log>
<?xml version="1.0" encoding="windows-1255" standalone="no"?>
<!DOCTYPE log SYSTEM "logger.dtd">
<log>
<record>
  <date>2022-12-26T12:49:17</date>
  <millis>1672051757927</millis>
  <sequence>164</sequence>
  <logger>com.gil.whatsnew.utils.LoggingHandler</logger>
  <level>SEVERE</level>
  <class>com.gil.whatsnew.utils.LoggingHandler</class>
  <method>serverLogHandler</method>
  <thread>21</thread>
  <message>Domains failed, check domains correctly or file path</message>
</record>
</log>
<?xml version="1.0" encoding="windows-1255" standalone="no"?>
<!DOCTYPE log SYSTEM "logger.dtd">
<log>
<record>
  <date>2022-12-26T12:49:18</date>
  <millis>1672051758949</millis>
  <sequence>167</sequence>
  <logger>com.gil.whatsnew.utils.LoggingHandler</logger>
  <level>SEVERE</level>
  <class>com.gil.whatsnew.utils.LoggingHandler</class>
  <method>serverLogHandler</method>
  <thread>21</thread>
  <message>Domains failed, check domains correctly or file path</message>
</record>
</log>
<?xml version="1.0" encoding="windows-1255" standalone="no"?>
<!DOCTYPE log SYSTEM "logger.dtd">
<log>
<record>
  <date>2022-12-26T12:49:19</date>
  <millis>1672051759983</millis>
  <sequence>170</sequence>
  <logger>com.gil.whatsnew.utils.LoggingHandler</logger>
  <level>SEVERE</level>
  <class>com.gil.whatsnew.utils.LoggingHandler</class>
  <method>serverLogHandler</method>
  <thread>21</thread>
  <message>Domains failed, check domains correctly or file path</message>
</record>
</log>
<?xml version="1.0" encoding="windows-1255" standalone="no"?>
<!DOCTYPE log SYSTEM "logger.dtd">
<log>
<record>
  <date>2022-12-26T12:49:21</date>
  <millis>1672051761011</millis>
  <sequence>173</sequence>
  <logger>com.gil.whatsnew.utils.LoggingHandler</logger>
  <level>SEVERE</level>
  <class>com.gil.whatsnew.utils.LoggingHandler</class>
  <method>serverLogHandler</method>
  <thread>21</thread>
  <message>Domains failed, check domains correctly or file path</message>
</record>
</log>
<?xml version="1.0" encoding="windows-1255" standalone="no"?>
<!DOCTYPE log SYSTEM "logger.dtd">
<log>
<record>
  <date>2022-12-26T12:49:22</date>
  <millis>1672051762022</millis>
  <sequence>176</sequence>
  <logger>com.gil.whatsnew.utils.LoggingHandler</logger>
  <level>SEVERE</level>
  <class>com.gil.whatsnew.utils.LoggingHandler</class>
  <method>serverLogHandler</method>
  <thread>21</thread>
  <message>Domains failed, check domains correctly or file path</message>
</record>
</log>
<?xml version="1.0" encoding="windows-1255" standalone="no"?>
<!DOCTYPE log SYSTEM "logger.dtd">
<log>
<record>
  <date>2022-12-26T12:49:23</date>
  <millis>1672051763037</millis>
  <sequence>179</sequence>
  <logger>com.gil.whatsnew.utils.LoggingHandler</logger>
  <level>SEVERE</level>
  <class>com.gil.whatsnew.utils.LoggingHandler</class>
  <method>serverLogHandler</method>
  <thread>21</thread>
  <message>Domains failed, check domains correctly or file path</message>
</record>
</log>
<?xml version="1.0" encoding="windows-1255" standalone="no"?>
<!DOCTYPE log SYSTEM "logger.dtd">
<log>
<record>
  <date>2022-12-26T12:49:24</date>
  <millis>1672051764738</millis>
  <sequence>182</sequence>
  <logger>com.gil.whatsnew.utils.LoggingHandler</logger>
  <level>SEVERE</level>
  <class>com.gil.whatsnew.utils.LoggingHandler</class>
  <method>serverLogHandler</method>
  <thread>21</thread>
  <message>Domains failed, check domains correctly or file path</message>
</record>
</log>
<?xml version="1.0" encoding="windows-1255" standalone="no"?>
<!DOCTYPE log SYSTEM "logger.dtd">
<log>
<record>
  <date>2022-12-26T12:49:25</date>
  <millis>1672051765746</millis>
  <sequence>185</sequence>
  <logger>com.gil.whatsnew.utils.LoggingHandler</logger>
  <level>SEVERE</level>
  <class>com.gil.whatsnew.utils.LoggingHandler</class>
  <method>serverLogHandler</method>
  <thread>21</thread>
  <message>Domains failed, check domains correctly or file path</message>
</record>
</log>
<?xml version="1.0" encoding="windows-1255" standalone="no"?>
<!DOCTYPE log SYSTEM "logger.dtd">
<log>
<record>
  <date>2022-12-26T12:49:26</date>
  <millis>1672051766753</millis>
  <sequence>188</sequence>
  <logger>com.gil.whatsnew.utils.LoggingHandler</logger>
  <level>SEVERE</level>
  <class>com.gil.whatsnew.utils.LoggingHandler</class>
  <method>serverLogHandler</method>
  <thread>21</thread>
  <message>Domains failed, check domains correctly or file path</message>
</record>
</log>
<?xml version="1.0" encoding="windows-1255" standalone="no"?>
<!DOCTYPE log SYSTEM "logger.dtd">
<log>
<record>
  <date>2022-12-26T12:49:27</date>
  <millis>1672051767760</millis>
  <sequence>191</sequence>
  <logger>com.gil.whatsnew.utils.LoggingHandler</logger>
  <level>SEVERE</level>
  <class>com.gil.whatsnew.utils.LoggingHandler</class>
  <method>serverLogHandler</method>
  <thread>21</thread>
  <message>Domains failed, check domains correctly or file path</message>
</record>
</log>
<?xml version="1.0" encoding="windows-1255" standalone="no"?>
<!DOCTYPE log SYSTEM "logger.dtd">
<log>
<record>
  <date>2022-12-26T12:49:28</date>
  <millis>1672051768788</millis>
  <sequence>194</sequence>
  <logger>com.gil.whatsnew.utils.LoggingHandler</logger>
  <level>SEVERE</level>
  <class>com.gil.whatsnew.utils.LoggingHandler</class>
  <method>serverLogHandler</method>
  <thread>21</thread>
  <message>Domains failed, check domains correctly or file path</message>
</record>
</log>
<?xml version="1.0" encoding="windows-1255" standalone="no"?>
<!DOCTYPE log SYSTEM "logger.dtd">
<log>
<record>
  <date>2022-12-26T12:49:29</date>
  <millis>1672051769816</millis>
  <sequence>197</sequence>
  <logger>com.gil.whatsnew.utils.LoggingHandler</logger>
  <level>SEVERE</level>
  <class>com.gil.whatsnew.utils.LoggingHandler</class>
  <method>serverLogHandler</method>
  <thread>21</thread>
  <message>Domains failed, check domains correctly or file path</message>
</record>
</log>
<?xml version="1.0" encoding="windows-1255" standalone="no"?>
<!DOCTYPE log SYSTEM "logger.dtd">
<log>
<record>
  <date>2022-12-26T12:49:30</date>
  <millis>1672051770850</millis>
  <sequence>200</sequence>
  <logger>com.gil.whatsnew.utils.LoggingHandler</logger>
  <level>SEVERE</level>
  <class>com.gil.whatsnew.utils.LoggingHandler</class>
  <method>serverLogHandler</method>
  <thread>21</thread>
  <message>Domains failed, check domains correctly or file path</message>
</record>
</log>
<?xml version="1.0" encoding="windows-1255" standalone="no"?>
<!DOCTYPE log SYSTEM "logger.dtd">
<log>
<record>
  <date>2022-12-26T12:49:31</date>
  <millis>1672051771884</millis>
  <sequence>203</sequence>
  <logger>com.gil.whatsnew.utils.LoggingHandler</logger>
  <level>SEVERE</level>
  <class>com.gil.whatsnew.utils.LoggingHandler</class>
  <method>serverLogHandler</method>
  <thread>21</thread>
  <message>Domains failed, check domains correctly or file path</message>
</record>
</log>
<?xml version="1.0" encoding="windows-1255" standalone="no"?>
<!DOCTYPE log SYSTEM "logger.dtd">
<log>
<record>
  <date>2022-12-26T12:49:32</date>
  <millis>1672051772894</millis>
  <sequence>206</sequence>
  <logger>com.gil.whatsnew.utils.LoggingHandler</logger>
  <level>SEVERE</level>
  <class>com.gil.whatsnew.utils.LoggingHandler</class>
  <method>serverLogHandler</method>
  <thread>21</thread>
  <message>Domains failed, check domains correctly or file path</message>
</record>
</log>
<?xml version="1.0" encoding="windows-1255" standalone="no"?>
<!DOCTYPE log SYSTEM "logger.dtd">
<log>
<record>
  <date>2022-12-26T12:49:33</date>
  <millis>1672051773926</millis>
  <sequence>209</sequence>
  <logger>com.gil.whatsnew.utils.LoggingHandler</logger>
  <level>SEVERE</level>
  <class>com.gil.whatsnew.utils.LoggingHandler</class>
  <method>serverLogHandler</method>
  <thread>21</thread>
  <message>Domains failed, check domains correctly or file path</message>
</record>
</log>
<?xml version="1.0" encoding="windows-1255" standalone="no"?>
<!DOCTYPE log SYSTEM "logger.dtd">
<log>
<record>
  <date>2022-12-26T12:49:34</date>
  <millis>1672051774940</millis>
  <sequence>212</sequence>
  <logger>com.gil.whatsnew.utils.LoggingHandler</logger>
  <level>SEVERE</level>
  <class>com.gil.whatsnew.utils.LoggingHandler</class>
  <method>serverLogHandler</method>
  <thread>21</thread>
  <message>Domains failed, check domains correctly or file path</message>
</record>
</log>
<?xml version="1.0" encoding="windows-1255" standalone="no"?>
<!DOCTYPE log SYSTEM "logger.dtd">
<log>
<record>
  <date>2022-12-26T12:49:35</date>
  <millis>1672051775967</millis>
  <sequence>215</sequence>
  <logger>com.gil.whatsnew.utils.LoggingHandler</logger>
  <level>SEVERE</level>
  <class>com.gil.whatsnew.utils.LoggingHandler</class>
  <method>serverLogHandler</method>
  <thread>21</thread>
  <message>Domains failed, check domains correctly or file path</message>
</record>
</log>
<?xml version="1.0" encoding="windows-1255" standalone="no"?>
<!DOCTYPE log SYSTEM "logger.dtd">
<log>
<record>
  <date>2022-12-26T12:49:36</date>
  <millis>1672051776987</millis>
  <sequence>218</sequence>
  <logger>com.gil.whatsnew.utils.LoggingHandler</logger>
  <level>SEVERE</level>
  <class>com.gil.whatsnew.utils.LoggingHandler</class>
  <method>serverLogHandler</method>
  <thread>21</thread>
  <message>Domains failed, check domains correctly or file path</message>
</record>
</log>
<?xml version="1.0" encoding="windows-1255" standalone="no"?>
<!DOCTYPE log SYSTEM "logger.dtd">
<log>
<record>
  <date>2022-12-26T12:49:38</date>
  <millis>1672051778010</millis>
  <sequence>221</sequence>
  <logger>com.gil.whatsnew.utils.LoggingHandler</logger>
  <level>SEVERE</level>
  <class>com.gil.whatsnew.utils.LoggingHandler</class>
  <method>serverLogHandler</method>
  <thread>21</thread>
  <message>Domains failed, check domains correctly or file path</message>
</record>
</log>
<?xml version="1.0" encoding="windows-1255" standalone="no"?>
<!DOCTYPE log SYSTEM "logger.dtd">
<log>
<record>
  <date>2022-12-26T12:49:39</date>
  <millis>1672051779032</millis>
  <sequence>224</sequence>
  <logger>com.gil.whatsnew.utils.LoggingHandler</logger>
  <level>SEVERE</level>
  <class>com.gil.whatsnew.utils.LoggingHandler</class>
  <method>serverLogHandler</method>
  <thread>21</thread>
  <message>Domains failed, check domains correctly or file path</message>
</record>
</log>
<?xml version="1.0" encoding="windows-1255" standalone="no"?>
<!DOCTYPE log SYSTEM "logger.dtd">
<log>
<record>
  <date>2022-12-26T12:49:40</date>
  <millis>1672051780039</millis>
  <sequence>227</sequence>
  <logger>com.gil.whatsnew.utils.LoggingHandler</logger>
  <level>SEVERE</level>
  <class>com.gil.whatsnew.utils.LoggingHandler</class>
  <method>serverLogHandler</method>
  <thread>21</thread>
  <message>Domains failed, check domains correctly or file path</message>
</record>
</log>
<?xml version="1.0" encoding="windows-1255" standalone="no"?>
<!DOCTYPE log SYSTEM "logger.dtd">
<log>
<record>
  <date>2022-12-26T12:49:41</date>
  <millis>1672051781060</millis>
  <sequence>230</sequence>
  <logger>com.gil.whatsnew.utils.LoggingHandler</logger>
  <level>SEVERE</level>
  <class>com.gil.whatsnew.utils.LoggingHandler</class>
  <method>serverLogHandler</method>
  <thread>21</thread>
  <message>Domains failed, check domains correctly or file path</message>
</record>
</log>
<?xml version="1.0" encoding="windows-1255" standalone="no"?>
<!DOCTYPE log SYSTEM "logger.dtd">
<log>
<record>
  <date>2022-12-26T12:49:42</date>
  <millis>1672051782074</millis>
  <sequence>233</sequence>
  <logger>com.gil.whatsnew.utils.LoggingHandler</logger>
  <level>SEVERE</level>
  <class>com.gil.whatsnew.utils.LoggingHandler</class>
  <method>serverLogHandler</method>
  <thread>21</thread>
  <message>Domains failed, check domains correctly or file path</message>
</record>
</log>
<?xml version="1.0" encoding="windows-1255" standalone="no"?>
<!DOCTYPE log SYSTEM "logger.dtd">
<log>
<record>
  <date>2022-12-26T12:49:43</date>
  <millis>1672051783092</millis>
  <sequence>236</sequence>
  <logger>com.gil.whatsnew.utils.LoggingHandler</logger>
  <level>SEVERE</level>
  <class>com.gil.whatsnew.utils.LoggingHandler</class>
  <method>serverLogHandler</method>
  <thread>21</thread>
  <message>Domains failed, check domains correctly or file path</message>
</record>
</log>
<?xml version="1.0" encoding="windows-1255" standalone="no"?>
<!DOCTYPE log SYSTEM "logger.dtd">
<log>
<record>
  <date>2022-12-26T12:49:44</date>
  <millis>1672051784124</millis>
  <sequence>239</sequence>
  <logger>com.gil.whatsnew.utils.LoggingHandler</logger>
  <level>SEVERE</level>
  <class>com.gil.whatsnew.utils.LoggingHandler</class>
  <method>serverLogHandler</method>
  <thread>21</thread>
  <message>Domains failed, check domains correctly or file path</message>
</record>
</log>
<?xml version="1.0" encoding="windows-1255" standalone="no"?>
<!DOCTYPE log SYSTEM "logger.dtd">
<log>
<record>
  <date>2022-12-26T12:49:45</date>
  <millis>1672051785156</millis>
  <sequence>242</sequence>
  <logger>com.gil.whatsnew.utils.LoggingHandler</logger>
  <level>SEVERE</level>
  <class>com.gil.whatsnew.utils.LoggingHandler</class>
  <method>serverLogHandler</method>
  <thread>21</thread>
  <message>Domains failed, check domains correctly or file path</message>
</record>
</log>
<?xml version="1.0" encoding="windows-1255" standalone="no"?>
<!DOCTYPE log SYSTEM "logger.dtd">
<log>
<record>
  <date>2022-12-26T12:49:46</date>
  <millis>1672051786184</millis>
  <sequence>245</sequence>
  <logger>com.gil.whatsnew.utils.LoggingHandler</logger>
  <level>SEVERE</level>
  <class>com.gil.whatsnew.utils.LoggingHandler</class>
  <method>serverLogHandler</method>
  <thread>21</thread>
  <message>Domains failed, check domains correctly or file path</message>
</record>
</log>
<?xml version="1.0" encoding="windows-1255" standalone="no"?>
<!DOCTYPE log SYSTEM "logger.dtd">
<log>
<record>
  <date>2022-12-26T12:49:47</date>
  <millis>1672051787216</millis>
  <sequence>248</sequence>
  <logger>com.gil.whatsnew.utils.LoggingHandler</logger>
  <level>SEVERE</level>
  <class>com.gil.whatsnew.utils.LoggingHandler</class>
  <method>serverLogHandler</method>
  <thread>21</thread>
  <message>Domains failed, check domains correctly or file path</message>
</record>
</log>
<?xml version="1.0" encoding="windows-1255" standalone="no"?>
<!DOCTYPE log SYSTEM "logger.dtd">
<log>
<record>
  <date>2022-12-26T12:49:48</date>
  <millis>1672051788242</millis>
  <sequence>251</sequence>
  <logger>com.gil.whatsnew.utils.LoggingHandler</logger>
  <level>SEVERE</level>
  <class>com.gil.whatsnew.utils.LoggingHandler</class>
  <method>serverLogHandler</method>
  <thread>21</thread>
  <message>Domains failed, check domains correctly or file path</message>
</record>
</log>
<?xml version="1.0" encoding="windows-1255" standalone="no"?>
<!DOCTYPE log SYSTEM "logger.dtd">
<log>
<record>
  <date>2022-12-26T12:49:49</date>
  <millis>1672051789265</millis>
  <sequence>254</sequence>
  <logger>com.gil.whatsnew.utils.LoggingHandler</logger>
  <level>SEVERE</level>
  <class>com.gil.whatsnew.utils.LoggingHandler</class>
  <method>serverLogHandler</method>
  <thread>21</thread>
  <message>Domains failed, check domains correctly or file path</message>
</record>
</log>
<?xml version="1.0" encoding="windows-1255" standalone="no"?>
<!DOCTYPE log SYSTEM "logger.dtd">
<log>
<record>
  <date>2022-12-26T12:49:50</date>
  <millis>1672051790292</millis>
  <sequence>257</sequence>
  <logger>com.gil.whatsnew.utils.LoggingHandler</logger>
  <level>SEVERE</level>
  <class>com.gil.whatsnew.utils.LoggingHandler</class>
  <method>serverLogHandler</method>
  <thread>21</thread>
  <message>Domains failed, check domains correctly or file path</message>
</record>
</log>
<?xml version="1.0" encoding="windows-1255" standalone="no"?>
<!DOCTYPE log SYSTEM "logger.dtd">
<log>
<record>
  <date>2022-12-26T12:49:51</date>
  <millis>1672051791326</millis>
  <sequence>260</sequence>
  <logger>com.gil.whatsnew.utils.LoggingHandler</logger>
  <level>SEVERE</level>
  <class>com.gil.whatsnew.utils.LoggingHandler</class>
  <method>serverLogHandler</method>
  <thread>21</thread>
  <message>Domains failed, check domains correctly or file path</message>
</record>
</log>
<?xml version="1.0" encoding="windows-1255" standalone="no"?>
<!DOCTYPE log SYSTEM "logger.dtd">
<log>
<record>
  <date>2022-12-26T12:49:52</date>
  <millis>1672051792343</millis>
  <sequence>263</sequence>
  <logger>com.gil.whatsnew.utils.LoggingHandler</logger>
  <level>SEVERE</level>
  <class>com.gil.whatsnew.utils.LoggingHandler</class>
  <method>serverLogHandler</method>
  <thread>21</thread>
  <message>Domains failed, check domains correctly or file path</message>
</record>
</log>
<?xml version="1.0" encoding="windows-1255" standalone="no"?>
<!DOCTYPE log SYSTEM "logger.dtd">
<log>
<record>
  <date>2022-12-26T12:49:53</date>
  <millis>1672051793355</millis>
  <sequence>266</sequence>
  <logger>com.gil.whatsnew.utils.LoggingHandler</logger>
  <level>SEVERE</level>
  <class>com.gil.whatsnew.utils.LoggingHandler</class>
  <method>serverLogHandler</method>
  <thread>21</thread>
  <message>Domains failed, check domains correctly or file path</message>
</record>
</log>
<?xml version="1.0" encoding="windows-1255" standalone="no"?>
<!DOCTYPE log SYSTEM "logger.dtd">
<log>
<record>
  <date>2022-12-26T12:49:54</date>
  <millis>1672051794376</millis>
  <sequence>269</sequence>
  <logger>com.gil.whatsnew.utils.LoggingHandler</logger>
  <level>SEVERE</level>
  <class>com.gil.whatsnew.utils.LoggingHandler</class>
  <method>serverLogHandler</method>
  <thread>21</thread>
  <message>Domains failed, check domains correctly or file path</message>
</record>
</log>
<?xml version="1.0" encoding="windows-1255" standalone="no"?>
<!DOCTYPE log SYSTEM "logger.dtd">
<log>
<record>
  <date>2022-12-26T12:49:55</date>
  <millis>1672051795387</millis>
  <sequence>272</sequence>
  <logger>com.gil.whatsnew.utils.LoggingHandler</logger>
  <level>SEVERE</level>
  <class>com.gil.whatsnew.utils.LoggingHandler</class>
  <method>serverLogHandler</method>
  <thread>21</thread>
  <message>Domains failed, check domains correctly or file path</message>
</record>
</log>
<?xml version="1.0" encoding="windows-1255" standalone="no"?>
<!DOCTYPE log SYSTEM "logger.dtd">
<log>
<record>
  <date>2022-12-26T12:49:56</date>
  <millis>1672051796399</millis>
  <sequence>275</sequence>
  <logger>com.gil.whatsnew.utils.LoggingHandler</logger>
  <level>SEVERE</level>
  <class>com.gil.whatsnew.utils.LoggingHandler</class>
  <method>serverLogHandler</method>
  <thread>21</thread>
  <message>Domains failed, check domains correctly or file path</message>
</record>
</log>
<?xml version="1.0" encoding="windows-1255" standalone="no"?>
<!DOCTYPE log SYSTEM "logger.dtd">
<log>
<record>
  <date>2022-12-26T12:49:57</date>
  <millis>1672051797428</millis>
  <sequence>278</sequence>
  <logger>com.gil.whatsnew.utils.LoggingHandler</logger>
  <level>SEVERE</level>
  <class>com.gil.whatsnew.utils.LoggingHandler</class>
  <method>serverLogHandler</method>
  <thread>21</thread>
  <message>Domains failed, check domains correctly or file path</message>
</record>
</log>
<?xml version="1.0" encoding="windows-1255" standalone="no"?>
<!DOCTYPE log SYSTEM "logger.dtd">
<log>
<record>
  <date>2022-12-26T12:49:58</date>
  <millis>1672051798454</millis>
  <sequence>281</sequence>
  <logger>com.gil.whatsnew.utils.LoggingHandler</logger>
  <level>SEVERE</level>
  <class>com.gil.whatsnew.utils.LoggingHandler</class>
  <method>serverLogHandler</method>
  <thread>21</thread>
  <message>Domains failed, check domains correctly or file path</message>
</record>
</log>
<?xml version="1.0" encoding="windows-1255" standalone="no"?>
<!DOCTYPE log SYSTEM "logger.dtd">
<log>
<record>
  <date>2022-12-26T12:49:59</date>
  <millis>1672051799482</millis>
  <sequence>284</sequence>
  <logger>com.gil.whatsnew.utils.LoggingHandler</logger>
  <level>SEVERE</level>
  <class>com.gil.whatsnew.utils.LoggingHandler</class>
  <method>serverLogHandler</method>
  <thread>21</thread>
  <message>Domains failed, check domains correctly or file path</message>
</record>
</log>
<?xml version="1.0" encoding="windows-1255" standalone="no"?>
<!DOCTYPE log SYSTEM "logger.dtd">
<log>
<record>
  <date>2022-12-26T12:50:00</date>
  <millis>1672051800511</millis>
  <sequence>287</sequence>
  <logger>com.gil.whatsnew.utils.LoggingHandler</logger>
  <level>SEVERE</level>
  <class>com.gil.whatsnew.utils.LoggingHandler</class>
  <method>serverLogHandler</method>
  <thread>21</thread>
  <message>Domains failed, check domains correctly or file path</message>
</record>
</log>
<?xml version="1.0" encoding="windows-1255" standalone="no"?>
<!DOCTYPE log SYSTEM "logger.dtd">
<log>
<record>
  <date>2022-12-26T12:50:01</date>
  <millis>1672051801531</millis>
  <sequence>290</sequence>
  <logger>com.gil.whatsnew.utils.LoggingHandler</logger>
  <level>SEVERE</level>
  <class>com.gil.whatsnew.utils.LoggingHandler</class>
  <method>serverLogHandler</method>
  <thread>21</thread>
  <message>Domains failed, check domains correctly or file path</message>
</record>
</log>
<?xml version="1.0" encoding="windows-1255" standalone="no"?>
<!DOCTYPE log SYSTEM "logger.dtd">
<log>
<record>
  <date>2022-12-26T12:50:02</date>
  <millis>1672051802566</millis>
  <sequence>293</sequence>
  <logger>com.gil.whatsnew.utils.LoggingHandler</logger>
  <level>SEVERE</level>
  <class>com.gil.whatsnew.utils.LoggingHandler</class>
  <method>serverLogHandler</method>
  <thread>21</thread>
  <message>Domains failed, check domains correctly or file path</message>
</record>
</log>
<?xml version="1.0" encoding="windows-1255" standalone="no"?>
<!DOCTYPE log SYSTEM "logger.dtd">
<log>
<record>
  <date>2022-12-26T12:50:03</date>
  <millis>1672051803583</millis>
  <sequence>296</sequence>
  <logger>com.gil.whatsnew.utils.LoggingHandler</logger>
  <level>SEVERE</level>
  <class>com.gil.whatsnew.utils.LoggingHandler</class>
  <method>serverLogHandler</method>
  <thread>21</thread>
  <message>Domains failed, check domains correctly or file path</message>
</record>
</log>
<?xml version="1.0" encoding="windows-1255" standalone="no"?>
<!DOCTYPE log SYSTEM "logger.dtd">
<log>
<record>
  <date>2022-12-26T12:50:04</date>
  <millis>1672051804612</millis>
  <sequence>299</sequence>
  <logger>com.gil.whatsnew.utils.LoggingHandler</logger>
  <level>SEVERE</level>
  <class>com.gil.whatsnew.utils.LoggingHandler</class>
  <method>serverLogHandler</method>
  <thread>21</thread>
  <message>Domains failed, check domains correctly or file path</message>
</record>
</log>
<?xml version="1.0" encoding="windows-1255" standalone="no"?>
<!DOCTYPE log SYSTEM "logger.dtd">
<log>
<record>
  <date>2022-12-26T12:50:05</date>
  <millis>1672051805646</millis>
  <sequence>302</sequence>
  <logger>com.gil.whatsnew.utils.LoggingHandler</logger>
  <level>SEVERE</level>
  <class>com.gil.whatsnew.utils.LoggingHandler</class>
  <method>serverLogHandler</method>
  <thread>21</thread>
  <message>Domains failed, check domains correctly or file path</message>
</record>
</log>
<?xml version="1.0" encoding="windows-1255" standalone="no"?>
<!DOCTYPE log SYSTEM "logger.dtd">
<log>
<record>
  <date>2022-12-26T12:50:06</date>
  <millis>1672051806677</millis>
  <sequence>305</sequence>
  <logger>com.gil.whatsnew.utils.LoggingHandler</logger>
  <level>SEVERE</level>
  <class>com.gil.whatsnew.utils.LoggingHandler</class>
  <method>serverLogHandler</method>
  <thread>21</thread>
  <message>Domains failed, check domains correctly or file path</message>
</record>
</log>
<?xml version="1.0" encoding="windows-1255" standalone="no"?>
<!DOCTYPE log SYSTEM "logger.dtd">
<log>
<record>
  <date>2022-12-26T12:50:07</date>
  <millis>1672051807685</millis>
  <sequence>308</sequence>
  <logger>com.gil.whatsnew.utils.LoggingHandler</logger>
  <level>SEVERE</level>
  <class>com.gil.whatsnew.utils.LoggingHandler</class>
  <method>serverLogHandler</method>
  <thread>21</thread>
  <message>Domains failed, check domains correctly or file path</message>
</record>
</log>
<?xml version="1.0" encoding="windows-1255" standalone="no"?>
<!DOCTYPE log SYSTEM "logger.dtd">
<log>
<record>
  <date>2022-12-26T12:50:08</date>
  <millis>1672051808704</millis>
  <sequence>311</sequence>
  <logger>com.gil.whatsnew.utils.LoggingHandler</logger>
  <level>SEVERE</level>
  <class>com.gil.whatsnew.utils.LoggingHandler</class>
  <method>serverLogHandler</method>
  <thread>21</thread>
  <message>Domains failed, check domains correctly or file path</message>
</record>
</log>
<?xml version="1.0" encoding="windows-1255" standalone="no"?>
<!DOCTYPE log SYSTEM "logger.dtd">
<log>
<record>
  <date>2022-12-26T12:50:09</date>
  <millis>1672051809720</millis>
  <sequence>314</sequence>
  <logger>com.gil.whatsnew.utils.LoggingHandler</logger>
  <level>SEVERE</level>
  <class>com.gil.whatsnew.utils.LoggingHandler</class>
  <method>serverLogHandler</method>
  <thread>21</thread>
  <message>Domains failed, check domains correctly or file path</message>
</record>
</log>
<?xml version="1.0" encoding="windows-1255" standalone="no"?>
<!DOCTYPE log SYSTEM "logger.dtd">
<log>
<record>
  <date>2022-12-28T15:04:04</date>
  <millis>1672232644273</millis>
  <sequence>33</sequence>
  <logger>com.gil.whatsnew.utils.LoggingHandler</logger>
  <level>SEVERE</level>
  <class>com.gil.whatsnew.utils.LoggingHandler</class>
  <method>serverLogHandler</method>
  <thread>21</thread>
  <message>Initialize articles failed</message>
</record>
</log>
<?xml version="1.0" encoding="windows-1255" standalone="no"?>
<!DOCTYPE log SYSTEM "logger.dtd">
<log>
<record>
  <date>2022-12-29T15:56:01</date>
  <millis>1672322161829</millis>
  <sequence>38</sequence>
  <logger>com.gil.whatsnew.utils.LoggingHandler</logger>
  <level>SEVERE</level>
  <class>com.gil.whatsnew.utils.LoggingHandler</class>
  <method>serverLogHandler</method>
  <thread>21</thread>
  <message>Initialize articles failed</message>
</record>
</log>
<?xml version="1.0" encoding="windows-1255" standalone="no"?>
<!DOCTYPE log SYSTEM "logger.dtd">
<log>
<record>
  <date>2022-12-29T15:59:39</date>
  <millis>1672322379551</millis>
  <sequence>34</sequence>
  <logger>com.gil.whatsnew.utils.LoggingHandler</logger>
  <level>SEVERE</level>
  <class>com.gil.whatsnew.utils.LoggingHandler</class>
  <method>serverLogHandler</method>
  <thread>21</thread>
  <message>Initialize articles failed</message>
</record>
</log>
<?xml version="1.0" encoding="windows-1255" standalone="no"?>
<!DOCTYPE log SYSTEM "logger.dtd">
<log>
<record>
  <date>2023-01-02T11:38:42</date>
  <millis>1672652322782</millis>
  <sequence>34</sequence>
  <logger>com.gil.whatsnew.utils.LoggingHandler</logger>
  <level>SEVERE</level>
  <class>com.gil.whatsnew.utils.LoggingHandler</class>
  <method>serverLogHandler</method>
  <thread>33</thread>
  <message>Request processing failed; nested exception is java.lang.NullPointerException</message>
</record>
</log>
<?xml version="1.0" encoding="windows-1255" standalone="no"?>
<!DOCTYPE log SYSTEM "logger.dtd">
<log>
<record>
  <date>2023-01-03T11:56:36</date>
  <millis>1672739796378</millis>
  <sequence>35</sequence>
  <logger>com.gil.whatsnew.utils.LoggingHandler</logger>
  <level>SEVERE</level>
  <class>com.gil.whatsnew.utils.LoggingHandler</class>
  <method>serverLogHandler</method>
  <thread>18</thread>
  <message>Initialize articles failed</message>
</record>
</log>
<?xml version="1.0" encoding="windows-1255" standalone="no"?>
<!DOCTYPE log SYSTEM "logger.dtd">
<log>
<record>
  <date>2023-01-04T14:24:23</date>
  <millis>1672835063588</millis>
  <sequence>31</sequence>
  <logger>com.gil.whatsnew.utils.LoggingHandler</logger>
  <level>SEVERE</level>
  <class>com.gil.whatsnew.utils.LoggingHandler</class>
  <method>serverLogHandler</method>
  <thread>21</thread>
  <message>Get api response failed, check your api key again</message>
</record>
</log>
<?xml version="1.0" encoding="windows-1255" standalone="no"?>
<!DOCTYPE log SYSTEM "logger.dtd">
<log>
<record>
  <date>2023-01-04T17:45:00</date>
  <millis>1672847100896</millis>
  <sequence>31</sequence>
  <logger>com.gil.whatsnew.utils.LoggingHandler</logger>
  <level>SEVERE</level>
  <class>com.gil.whatsnew.utils.LoggingHandler</class>
  <method>serverLogHandler</method>
  <thread>21</thread>
  <message>Get api response failed, check your api key again</message>
</record>
</log>
<?xml version="1.0" encoding="windows-1255" standalone="no"?>
<!DOCTYPE log SYSTEM "logger.dtd">
<log>
<record>
  <date>2023-01-04T18:06:51</date>
  <millis>1672848411813</millis>
  <sequence>30</sequence>
  <logger>com.gil.whatsnew.utils.LoggingHandler</logger>
  <level>SEVERE</level>
  <class>com.gil.whatsnew.utils.LoggingHandler</class>
  <method>serverLogHandler</method>
  <thread>18</thread>
  <message>Initialize articles failed</message>
</record>
</log>
